	
============Server started on================
[ 18-Dec-2015 15:54:51 CST ]
[[ 18-Dec-2015 15:54:51 CST ]] [INFO] 
log file path : log/wfs.log

[[ 18-Dec-2015 15:54:51 CST ]] [INFO] 
slave:192.168.21.200:11024

[[ 18-Dec-2015 15:54:51 CST ]] [INFO] 
slave:192.168.21.200:11025

[[ 18-Dec-2015 15:54:51 CST ]] [INFO] 
slave:192.168.21.200:11026

[[ 18-Dec-2015 15:54:51 CST ]] [INFO] 
master: 192.168.21.200:9908

[[ 18-Dec-2015 15:54:51 CST ]] [ERROR] 
child exited abnormal signal number=11

[[ 18-Dec-2015 15:54:51 CST ]] [ERROR] 
================Sever Exception Exit!!!!================

	
============Server started on================
[ 18-Dec-2015 15:54:54 CST ]
[[ 18-Dec-2015 15:54:54 CST ]] [INFO] 
log file path : log/wfs.log

[[ 18-Dec-2015 15:54:54 CST ]] [INFO] 
slave:192.168.21.200:11024

[[ 18-Dec-2015 15:54:54 CST ]] [INFO] 
slave:192.168.21.200:11025

[[ 18-Dec-2015 15:54:54 CST ]] [INFO] 
slave:192.168.21.200:11026

[[ 18-Dec-2015 15:54:54 CST ]] [INFO] 
master: 192.168.21.200:9908

[[ 18-Dec-2015 15:54:54 CST ]] [ERROR] 
child exited abnormal signal number=11

[[ 18-Dec-2015 15:54:54 CST ]] [ERROR] 
================Sever Exception Exit!!!!================

	
============Server started on================
[ 18-Dec-2015 15:54:57 CST ]
[[ 18-Dec-2015 15:54:57 CST ]] [INFO] 
log file path : log/wfs.log

[[ 18-Dec-2015 15:54:57 CST ]] [INFO] 
slave:192.168.21.200:11024

[[ 18-Dec-2015 15:54:57 CST ]] [INFO] 
slave:192.168.21.200:11025

[[ 18-Dec-2015 15:54:57 CST ]] [INFO] 
slave:192.168.21.200:11026

[[ 18-Dec-2015 15:54:57 CST ]] [INFO] 
master: 192.168.21.200:9908

[[ 18-Dec-2015 15:54:57 CST ]] [ERROR] 
child exited abnormal signal number=11

[[ 18-Dec-2015 15:54:57 CST ]] [ERROR] 
================Sever Exception Exit!!!!================

	
============Server started on================
[ 18-Dec-2015 15:56:35 CST ]
[[ 18-Dec-2015 15:56:35 CST ]] [INFO] 
log file path : log/wfs.log

[[ 18-Dec-2015 15:56:35 CST ]] [INFO] 
slave:192.168.21.200:11024

[[ 18-Dec-2015 15:56:35 CST ]] [INFO] 
slave:192.168.21.200:11025

[[ 18-Dec-2015 15:56:35 CST ]] [INFO] 
slave:192.168.21.200:11026

[[ 18-Dec-2015 15:56:35 CST ]] [INFO] 
master: 192.168.21.200:9908

[[ 18-Dec-2015 15:56:35 CST ]] [ERROR] 
child exited abnormal signal number=11

[[ 18-Dec-2015 15:56:35 CST ]] [ERROR] 
================Sever Exception Exit!!!!================

	
============Server started on================
[ 18-Dec-2015 15:57:06 CST ]
[[ 18-Dec-2015 15:57:06 CST ]] [INFO] 
log file path : log/wfs.log

[[ 18-Dec-2015 15:57:06 CST ]] [INFO] 
slave:192.168.21.200:11024

[[ 18-Dec-2015 15:57:06 CST ]] [INFO] 
slave:192.168.21.200:11025

[[ 18-Dec-2015 15:57:06 CST ]] [INFO] 
slave:192.168.21.200:11026

[[ 18-Dec-2015 15:57:06 CST ]] [INFO] 
master: 192.168.21.200:9908

	
============Server started on================
[ 18-Dec-2015 15:58:11 CST ]
[[ 18-Dec-2015 15:58:11 CST ]] [INFO] 
log file path : log/wfs.log

[[ 18-Dec-2015 15:58:11 CST ]] [INFO] 
slave:192.168.21.200:11024

[[ 18-Dec-2015 15:58:11 CST ]] [INFO] 
slave:192.168.21.200:11025

[[ 18-Dec-2015 15:58:11 CST ]] [INFO] 
slave:192.168.21.200:11026

[[ 18-Dec-2015 15:58:11 CST ]] [INFO] 
master: 192.168.21.200:9908

	
============Server started on================
[ 18-Dec-2015 15:58:17 CST ]
[[ 18-Dec-2015 15:58:17 CST ]] [INFO] 
log file path : log/wfs.log

[[ 18-Dec-2015 15:58:17 CST ]] [INFO] 
slave:192.168.21.200:11024

[[ 18-Dec-2015 15:58:17 CST ]] [INFO] 
slave:192.168.21.200:11025

[[ 18-Dec-2015 15:58:17 CST ]] [INFO] 
slave:192.168.21.200:11026

[[ 18-Dec-2015 15:58:17 CST ]] [INFO] 
master: 192.168.21.200:9908

	
============Server started on================
[ 18-Dec-2015 15:58:36 CST ]
[[ 18-Dec-2015 15:58:36 CST ]] [INFO] 
log file path : log/wfs.log

[[ 18-Dec-2015 15:58:36 CST ]] [INFO] 
slave:192.168.21.200:11024

[[ 18-Dec-2015 15:58:36 CST ]] [INFO] 
slave:192.168.21.200:11025

[[ 18-Dec-2015 15:58:36 CST ]] [INFO] 
slave:192.168.21.200:11026

[[ 18-Dec-2015 15:58:36 CST ]] [INFO] 
master: 192.168.21.200:9908

	
============Server started on================
[ 18-Dec-2015 15:58:59 CST ]
[[ 18-Dec-2015 15:58:59 CST ]] [INFO] 
log file path : log/wfs.log

[[ 18-Dec-2015 15:58:59 CST ]] [INFO] 
slave:192.168.21.200:11024

[[ 18-Dec-2015 15:58:59 CST ]] [INFO] 
slave:192.168.21.200:11025

[[ 18-Dec-2015 15:58:59 CST ]] [INFO] 
slave:192.168.21.200:11026

[[ 18-Dec-2015 15:58:59 CST ]] [INFO] 
master: 192.168.21.200:9908

[[ 18-Dec-2015 15:58:59 CST ]] [ERROR] 
child exited abnormal signal number=11

[[ 18-Dec-2015 15:58:59 CST ]] [ERROR] 
================Sever Exception Exit!!!!================

	
============Server started on================
[ 18-Dec-2015 15:59:01 CST ]
[[ 18-Dec-2015 15:59:01 CST ]] [INFO] 
log file path : log/wfs.log

[[ 18-Dec-2015 15:59:01 CST ]] [INFO] 
slave:192.168.21.200:11024

[[ 18-Dec-2015 15:59:01 CST ]] [INFO] 
slave:192.168.21.200:11025

[[ 18-Dec-2015 15:59:01 CST ]] [INFO] 
slave:192.168.21.200:11026

[[ 18-Dec-2015 15:59:01 CST ]] [INFO] 
master: 192.168.21.200:9908

	
============Server started on================
[ 18-Dec-2015 18:12:48 CST ]
[[ 18-Dec-2015 18:12:48 CST ]] [INFO] 
log file path : log/wfs.log

[[ 18-Dec-2015 18:12:48 CST ]] [INFO] 
slave:192.168.21.200:11024

[[ 18-Dec-2015 18:12:48 CST ]] [INFO] 
slave:192.168.21.200:11025

[[ 18-Dec-2015 18:12:48 CST ]] [INFO] 
slave:192.168.21.200:11026

[[ 18-Dec-2015 18:12:48 CST ]] [INFO] 
master: 192.168.21.200:9908

[[ 18-Dec-2015 18:12:48 CST ]] [ERROR] 
child exited abnormal signal number=11

[[ 18-Dec-2015 18:12:48 CST ]] [ERROR] 
================Sever Exception Exit!!!!================

